<?xml version="1.0" encoding="UTF-8"?>
<!-- Generated by org.testng.reporters.JUnitReportReporter -->
<testsuite skipped="0" hostname="DESKTOP-I2K1SI9" name="RestAssuredTest.RestAssuredTest.Test_Get_arrivalBoard" tests="3" failures="0" timestamp="30 May 2021 13:09:12 GMT" time="4.677" errors="0">
  <testcase name="test_3_Get" time="0.274" classname="RestAssuredTest.RestAssuredTest.Test_Get_arrivalBoard"/>
  <testcase name="negativeTestCaseOne" time="3.950" classname="RestAssuredTest.RestAssuredTest.Test_Get_arrivalBoard"/>
  <testcase name="positiveTestCaseOne" time="0.453" classname="RestAssuredTest.RestAssuredTest.Test_Get_arrivalBoard"/>
</testsuite> <!-- RestAssuredTest.RestAssuredTest.Test_Get_arrivalBoard -->
