<?xml version="1.0" encoding="UTF-8"?>
<!-- Generated by org.testng.reporters.JUnitReportReporter -->
<testsuite skipped="0" hostname="DESKTOP-I2K1SI9" name="RestAssuredTest.RestAssuredTest.Test_Get" tests="3" failures="0" timestamp="30 May 2021 12:56:33 GMT" time="4.483" errors="0">
  <testcase name="test_2_Get" time="0.328" classname="RestAssuredTest.RestAssuredTest.Test_Get"/>
  <testcase name="test_3_Get" time="0.282" classname="RestAssuredTest.RestAssuredTest.Test_Get"/>
  <testcase name="test_1_Get" time="3.873" classname="RestAssuredTest.RestAssuredTest.Test_Get"/>
</testsuite> <!-- RestAssuredTest.RestAssuredTest.Test_Get -->
