<?xml version="1.0" encoding="UTF-8"?>
<!-- Generated by org.testng.reporters.JUnitReportReporter -->
<testsuite skipped="0" hostname="DESKTOP-I2K1SI9" name="RestAssuredTest.RestAssuredTest.Test_Delete" tests="1" failures="0" timestamp="30 May 2021 11:10:50 GMT" time="3.173" errors="0">
  <testcase name="test_1_Delete" time="3.173" classname="RestAssuredTest.RestAssuredTest.Test_Delete"/>
</testsuite> <!-- RestAssuredTest.RestAssuredTest.Test_Delete -->
