<?xml version="1.0" encoding="UTF-8"?>
<!-- Generated by org.testng.reporters.JUnitReportReporter -->
<testsuite skipped="0" hostname="DESKTOP-I2K1SI9" name="RestAssuredTest.RestAssuredTest.Test_fahrplan_arrivalBoard_GET" tests="3" failures="0" timestamp="30 May 2021 14:11:52 GMT" time="4.582" errors="0">
  <testcase name="negativeTestCaseTwo" time="0.262" classname="RestAssuredTest.RestAssuredTest.Test_fahrplan_arrivalBoard_GET"/>
  <testcase name="positiveTestCaseOne" time="0.442" classname="RestAssuredTest.RestAssuredTest.Test_fahrplan_arrivalBoard_GET"/>
  <testcase name="negativeTestCaseOne" time="3.878" classname="RestAssuredTest.RestAssuredTest.Test_fahrplan_arrivalBoard_GET"/>
</testsuite> <!-- RestAssuredTest.RestAssuredTest.Test_fahrplan_arrivalBoard_GET -->
