<?xml version="1.0" encoding="UTF-8"?>
<!-- Generated by org.testng.reporters.JUnitReportReporter -->
<testsuite skipped="0" hostname="DESKTOP-I2K1SI9" name="RestAssuredTest.RestAssuredTest.Test_Patch" tests="1" failures="0" timestamp="30 May 2021 11:06:06 GMT" time="3.075" errors="0">
  <testcase name="test_1_Patch" time="3.075" classname="RestAssuredTest.RestAssuredTest.Test_Patch"/>
</testsuite> <!-- RestAssuredTest.RestAssuredTest.Test_Patch -->
