<?xml version="1.0" encoding="UTF-8"?>
<!-- Generated by org.testng.reporters.JUnitReportReporter -->
<testsuite skipped="0" hostname="DESKTOP-I2K1SI9" name="RestAssuredTest.RestAssuredTest.Test_Post" tests="1" failures="0" timestamp="30 May 2021 10:59:39 GMT" time="2.961" errors="0">
  <testcase name="test_1_Post" time="2.961" classname="RestAssuredTest.RestAssuredTest.Test_Post"/>
</testsuite> <!-- RestAssuredTest.RestAssuredTest.Test_Post -->
