<?xml version="1.0" encoding="UTF-8"?>
<!-- Generated by org.testng.reporters.JUnitReportReporter -->
<testsuite skipped="0" hostname="DESKTOP-I2K1SI9" name="RestAssuredTest.RestAssuredTest.Test_fahrplan_location_GET" tests="2" failures="0" timestamp="30 May 2021 14:11:52 GMT" time="0.753" errors="0">
  <testcase name="positiveTestCaseOne" time="0.367" classname="RestAssuredTest.RestAssuredTest.Test_fahrplan_location_GET"/>
  <testcase name="negativeTestCaseOne" time="0.386" classname="RestAssuredTest.RestAssuredTest.Test_fahrplan_location_GET"/>
</testsuite> <!-- RestAssuredTest.RestAssuredTest.Test_fahrplan_location_GET -->
